[15-Sep-2023 22:09:15 UTC] PHP Parse error:  syntax error, unexpected integer "5" in /Users/molly.donegan/Local Sites/the-university/app/public/experiment.php on line 4
[15-Sep-2023 22:09:21 UTC] PHP Parse error:  syntax error, unexpected integer "5" in /Users/molly.donegan/Local Sites/the-university/app/public/experiment.php on line 4
[15-Sep-2023 22:09:22 UTC] PHP Parse error:  syntax error, unexpected integer "5" in /Users/molly.donegan/Local Sites/the-university/app/public/experiment.php on line 4
[15-Sep-2023 22:12:35 UTC] PHP Parse error:  syntax error, unexpected token "echo" in /Users/molly.donegan/Local Sites/the-university/app/public/experiment.php on line 5
[15-Sep-2023 22:32:42 UTC] PHP Fatal error:  Uncaught Error: Call to undefined function blogingo() in /Users/molly.donegan/Local Sites/the-university/app/public/wp-content/themes/fictional-university-theme/index.php:11
Stack trace:
#0 /Users/molly.donegan/Local Sites/the-university/app/public/wp-includes/template-loader.php(106): include()
#1 /Users/molly.donegan/Local Sites/the-university/app/public/wp-blog-header.php(19): require_once('/Users/molly.do...')
#2 /Users/molly.donegan/Local Sites/the-university/app/public/index.php(17): require('/Users/molly.do...')
#3 {main}
  thrown in /Users/molly.donegan/Local Sites/the-university/app/public/wp-content/themes/fictional-university-theme/index.php on line 11
[15-Sep-2023 22:32:49 UTC] PHP Fatal error:  Uncaught Error: Call to undefined function blogingo() in /Users/molly.donegan/Local Sites/the-university/app/public/wp-content/themes/fictional-university-theme/index.php:11
Stack trace:
#0 /Users/molly.donegan/Local Sites/the-university/app/public/wp-includes/template-loader.php(106): include()
#1 /Users/molly.donegan/Local Sites/the-university/app/public/wp-blog-header.php(19): require_once('/Users/molly.do...')
#2 /Users/molly.donegan/Local Sites/the-university/app/public/index.php(17): require('/Users/molly.do...')
#3 {main}
  thrown in /Users/molly.donegan/Local Sites/the-university/app/public/wp-content/themes/fictional-university-theme/index.php on line 11
[18-Sep-2023 21:12:48 UTC] PHP Fatal error:  Uncaught Error: Call to undefined function get_gooter() in /Users/molly.donegan/Local Sites/the-university/app/public/wp-content/themes/fictional-university-theme/index.php:10
Stack trace:
#0 /Users/molly.donegan/Local Sites/the-university/app/public/wp-includes/template-loader.php(106): include()
#1 /Users/molly.donegan/Local Sites/the-university/app/public/wp-blog-header.php(19): require_once('/Users/molly.do...')
#2 /Users/molly.donegan/Local Sites/the-university/app/public/index.php(17): require('/Users/molly.do...')
#3 {main}
  thrown in /Users/molly.donegan/Local Sites/the-university/app/public/wp-content/themes/fictional-university-theme/index.php on line 10
[18-Sep-2023 21:12:56 UTC] PHP Fatal error:  Uncaught Error: Call to undefined function get_gooter() in /Users/molly.donegan/Local Sites/the-university/app/public/wp-content/themes/fictional-university-theme/index.php:10
Stack trace:
#0 /Users/molly.donegan/Local Sites/the-university/app/public/wp-includes/template-loader.php(106): include()
#1 /Users/molly.donegan/Local Sites/the-university/app/public/wp-blog-header.php(19): require_once('/Users/molly.do...')
#2 /Users/molly.donegan/Local Sites/the-university/app/public/index.php(17): require('/Users/molly.do...')
#3 {main}
  thrown in /Users/molly.donegan/Local Sites/the-university/app/public/wp-content/themes/fictional-university-theme/index.php on line 10
[18-Sep-2023 21:20:48 UTC] PHP Fatal error:  Uncaught Error: Call to undefined function wp_enququq_style() in /Users/molly.donegan/Local Sites/the-university/app/public/wp-content/themes/fictional-university-theme/functions.php:4
Stack trace:
#0 /Users/molly.donegan/Local Sites/the-university/app/public/wp-includes/class-wp-hook.php(310): university_files('')
#1 /Users/molly.donegan/Local Sites/the-university/app/public/wp-includes/class-wp-hook.php(334): WP_Hook->apply_filters(NULL, Array)
#2 /Users/molly.donegan/Local Sites/the-university/app/public/wp-includes/plugin.php(517): WP_Hook->do_action(Array)
#3 /Users/molly.donegan/Local Sites/the-university/app/public/wp-includes/script-loader.php(2225): do_action('wp_enqueue_scri...')
#4 /Users/molly.donegan/Local Sites/the-university/app/public/wp-includes/class-wp-hook.php(310): wp_enqueue_scripts('')
#5 /Users/molly.donegan/Local Sites/the-university/app/public/wp-includes/class-wp-hook.php(334): WP_Hook->apply_filters(NULL, Array)
#6 /Users/molly.donegan/Local Sites/the-university/app/public/wp-includes/plugin.php(517): WP_Hook->do_action(Array)
#7 /Users/molly.donegan/Local Sites/the-university/app/public/wp-includes/general-template.php(3053): do_action('wp_head')
#8 /Users/molly.donegan/Local Sites/the-university/app/public/wp-content/themes/fictional-university-theme/header.php(4): wp_head()
#9 /Users/molly.donegan/Local Sites/the-university/app/public/wp-includes/template.php(785): require_once('/Users/molly.do...')
#10 /Users/molly.donegan/Local Sites/the-university/app/public/wp-includes/template.php(720): load_template('/Users/molly.do...', true, Array)
#11 /Users/molly.donegan/Local Sites/the-university/app/public/wp-includes/general-template.php(48): locate_template(Array, true, true, Array)
#12 /Users/molly.donegan/Local Sites/the-university/app/public/wp-content/themes/fictional-university-theme/index.php(1): get_header()
#13 /Users/molly.donegan/Local Sites/the-university/app/public/wp-includes/template-loader.php(106): include('/Users/molly.do...')
#14 /Users/molly.donegan/Local Sites/the-university/app/public/wp-blog-header.php(19): require_once('/Users/molly.do...')
#15 /Users/molly.donegan/Local Sites/the-university/app/public/index.php(17): require('/Users/molly.do...')
#16 {main}
  thrown in /Users/molly.donegan/Local Sites/the-university/app/public/wp-content/themes/fictional-university-theme/functions.php on line 4
[18-Sep-2023 21:21:09 UTC] PHP Fatal error:  Uncaught Error: Call to undefined function wp_enquque_style() in /Users/molly.donegan/Local Sites/the-university/app/public/wp-content/themes/fictional-university-theme/functions.php:4
Stack trace:
#0 /Users/molly.donegan/Local Sites/the-university/app/public/wp-includes/class-wp-hook.php(310): university_files('')
#1 /Users/molly.donegan/Local Sites/the-university/app/public/wp-includes/class-wp-hook.php(334): WP_Hook->apply_filters(NULL, Array)
#2 /Users/molly.donegan/Local Sites/the-university/app/public/wp-includes/plugin.php(517): WP_Hook->do_action(Array)
#3 /Users/molly.donegan/Local Sites/the-university/app/public/wp-includes/script-loader.php(2225): do_action('wp_enqueue_scri...')
#4 /Users/molly.donegan/Local Sites/the-university/app/public/wp-includes/class-wp-hook.php(310): wp_enqueue_scripts('')
#5 /Users/molly.donegan/Local Sites/the-university/app/public/wp-includes/class-wp-hook.php(334): WP_Hook->apply_filters(NULL, Array)
#6 /Users/molly.donegan/Local Sites/the-university/app/public/wp-includes/plugin.php(517): WP_Hook->do_action(Array)
#7 /Users/molly.donegan/Local Sites/the-university/app/public/wp-includes/general-template.php(3053): do_action('wp_head')
#8 /Users/molly.donegan/Local Sites/the-university/app/public/wp-content/themes/fictional-university-theme/header.php(4): wp_head()
#9 /Users/molly.donegan/Local Sites/the-university/app/public/wp-includes/template.php(785): require_once('/Users/molly.do...')
#10 /Users/molly.donegan/Local Sites/the-university/app/public/wp-includes/template.php(720): load_template('/Users/molly.do...', true, Array)
#11 /Users/molly.donegan/Local Sites/the-university/app/public/wp-includes/general-template.php(48): locate_template(Array, true, true, Array)
#12 /Users/molly.donegan/Local Sites/the-university/app/public/wp-content/themes/fictional-university-theme/index.php(1): get_header()
#13 /Users/molly.donegan/Local Sites/the-university/app/public/wp-includes/template-loader.php(106): include('/Users/molly.do...')
#14 /Users/molly.donegan/Local Sites/the-university/app/public/wp-blog-header.php(19): require_once('/Users/molly.do...')
#15 /Users/molly.donegan/Local Sites/the-university/app/public/index.php(17): require('/Users/molly.do...')
#16 {main}
  thrown in /Users/molly.donegan/Local Sites/the-university/app/public/wp-content/themes/fictional-university-theme/functions.php on line 4
[18-Sep-2023 22:00:30 UTC] PHP Fatal error:  Uncaught Error: Undefined constant "get_theme" in /Users/molly.donegan/Local Sites/the-university/app/public/wp-content/themes/fictional-university-theme/index.php:4
Stack trace:
#0 /Users/molly.donegan/Local Sites/the-university/app/public/wp-includes/template-loader.php(106): include()
#1 /Users/molly.donegan/Local Sites/the-university/app/public/wp-blog-header.php(19): require_once('/Users/molly.do...')
#2 /Users/molly.donegan/Local Sites/the-university/app/public/index.php(17): require('/Users/molly.do...')
#3 {main}
  thrown in /Users/molly.donegan/Local Sites/the-university/app/public/wp-content/themes/fictional-university-theme/index.php on line 4
[18-Sep-2023 22:37:47 UTC] PHP Parse error:  syntax error, unexpected token "<" in /Users/molly.donegan/Local Sites/the-university/app/public/wp-content/themes/fictional-university-theme/page.php on line 11
[18-Sep-2023 22:40:28 UTC] PHP Parse error:  syntax error, unexpected single-quoted string "/image/ocean.jpg", expecting "," or ";" in /Users/molly.donegan/Local Sites/the-university/app/public/wp-content/themes/fictional-university-theme/page.php on line 9
[18-Sep-2023 22:54:45 UTC] PHP Fatal error:  Uncaught Error: Undefined constant "get_the_ID" in /Users/molly.donegan/Local Sites/the-university/app/public/wp-content/themes/fictional-university-theme/page.php:21
Stack trace:
#0 /Users/molly.donegan/Local Sites/the-university/app/public/wp-includes/template-loader.php(106): include()
#1 /Users/molly.donegan/Local Sites/the-university/app/public/wp-blog-header.php(19): require_once('/Users/molly.do...')
#2 /Users/molly.donegan/Local Sites/the-university/app/public/index.php(17): require('/Users/molly.do...')
#3 {main}
  thrown in /Users/molly.donegan/Local Sites/the-university/app/public/wp-content/themes/fictional-university-theme/page.php on line 21
[20-Sep-2023 00:05:46 UTC] PHP Warning:  Attempt to read property "title" on null in /Users/molly.donegan/Local Sites/the-university/app/public/wp-includes/class-wp-customize-widgets.php on line 905
